<?xml version="1.0" encoding="UTF-8"?>
<coverage generated="1707960374834" clover="3.2.0">
  <project timestamp="1707960374834" name="All files">
    <metrics statements="7" coveredstatements="7" conditionals="4" coveredconditionals="4" methods="3" coveredmethods="3" elements="14" coveredelements="14" complexity="0" loc="7" ncloc="7" packages="1" files="1" classes="1"/>
    <file name="funcoes.js" path="/var/www/test-jest/funcoes.js">
      <metrics statements="7" coveredstatements="7" conditionals="4" coveredconditionals="4" methods="3" coveredmethods="3"/>
      <line num="1" count="1" type="stmt"/>
      <line num="3" count="1" type="stmt"/>
      <line num="4" count="1" type="stmt"/>
      <line num="6" count="2" type="cond" truecount="4" falsecount="0"/>
      <line num="7" count="1" type="stmt"/>
      <line num="9" count="1" type="stmt"/>
      <line num="13" count="1" type="stmt"/>
    </file>
  </project>
</coverage>
